#
# A fatal error has been detected by the Java Runtime Environment:
#
#  SIGSEGV (0xb) at pc=0x0000000000000000, pid=6375, tid=67331
#
# JRE version: Java(TM) SE Runtime Environment (8.0_25-b17) (build 1.8.0_25-b17)
# Java VM: Java HotSpot(TM) 64-Bit Server VM (25.25-b02 mixed mode bsd-amd64 compressed oops)
# Problematic frame:
# C  0x0000000000000000
#
# Failed to write core dump. Core dumps have been disabled. To enable core dumping, try "ulimit -c unlimited" before starting Java again
#
# If you would like to submit a bug report, please visit:
#   http://bugreport.sun.com/bugreport/crash.jsp
#

---------------  T H R E A D  ---------------

Current thread is native thread

siginfo: si_signo: 11 (SIGSEGV), si_code: 1 (SEGV_MAPERR), si_addr: 0x0000000000000000

Registers:
RAX=0x0000000128591508, RBX=0x00000000000161b0, RCX=0x0000000000000010, RDX=0xfffffffffffffff0
RSP=0x0000000128b5fa18, RBP=0x0000000128b5fac0, RSI=0x0000000000000000, RDI=0x00007fd1c32bfe00
R8 =0x0000000000000200, R9 =0x00007fd1c4200dd0, R10=0x00000001285d605c, R11=0xffffffffffffd460
R12=0x00007fd1c4200dd0, R13=0x00007fd1c32bfe00, R14=0x0000000000000200, R15=0x0000000000000800
RIP=0x0000000000000000, EFLAGS=0x0000000000010246, ERR=0x0000000000000014
  TRAPNO=0x000000000000000e

Top of Stack: (sp=0x0000000128b5fa18)
0x0000000128b5fa18:   0000000128563639 0000000128b5fc6a
0x0000000128b5fa28:   0000001400000000 00007fd1c32c7fb0
0x0000000128b5fa38:   0000000128b64010 00007fd1c32c5fb0
0x0000000128b5fa48:   0000020000000000 0000000000000000
0x0000000128b5fa58:   0000000000000800 0000000000000200
0x0000000128b5fa68:   00007fd1c32c3fb0 00007fd1c32bfe00
0x0000000128b5fa78:   0000020000000000 00007fd1c4203978
0x0000000128b5fa88:   000000000000037f 5d001e04cb1d8764
0x0000000128b5fa98:   00007fd1c1f73d28 00007fd1c4200dd0
0x0000000128b5faa8:   00007fd1c4203970 0000000000000200
0x0000000128b5fab8:   00007fd1c1f73cb0 0000000128b5fad0
0x0000000128b5fac8:   00000001285732ef 0000000128b5fb40
0x0000000128b5fad8:   00000001285d3230 00007fd1c32123f8
0x0000000128b5fae8:   00007fd1c3212200 00007fd1c1f73d28
0x0000000128b5faf8:   0000000094b9c8f3 0000000128b5fc90
0x0000000128b5fb08:   0000000128b5fc88 0000020000000000
0x0000000128b5fb18:   0000000128b5fc88 00007fd1c1f73f30
0x0000000128b5fb28:   00007fd1c3212200 00007fd1c1c2ca10
0x0000000128b5fb38:   0000000000000200 0000000128b5fb90
0x0000000128b5fb48:   00000001285d0c61 0000000128b5fbd0
0x0000000128b5fb58:   0000000128b5fc90 00000000c3212428
0x0000000128b5fb68:   00007fd1c3212200 0000000000000000
0x0000000128b5fb78:   00007fd1c1c2ca10 00000000ffffffce
0x0000000128b5fb88:   0000000000000200 0000000128b5fc00
0x0000000128b5fb98:   00000001285cf515 00007fd1c1c2ca10
0x0000000128b5fba8:   00001fa028b620e0 0000000128b5fc88
0x0000000128b5fbb8:   00007fd1c1f73f30 00007fd1c3212200
0x0000000128b5fbc8:   0000000128b5fc90 00009fe000000000
0x0000000128b5fbd8:   0000000000000007 00007fd1c3212200
0x0000000128b5fbe8:   0000000000000000 00007fd1c1c2ca10
0x0000000128b5fbf8:   0000000128b62060 0000000128b5fd00
0x0000000128b5fc08:   00000001285d6878 00007fd1c1e25438 

Instructions: (pc=0x0000000000000000)
0xffffffffffffffe0:   

Register to memory mapping:

RAX=0x0000000128591508: PlaybackBackend+0x20 in /Users/BirdLab2/Desktop/lwjgl-2.9.1/native/macosx/openal.dylib at 0x0000000128548000
RBX=0x00000000000161b0 is an unknown value
RCX=0x0000000000000010 is an unknown value
RDX=0xfffffffffffffff0 is an unknown value
RSP=0x0000000128b5fa18 is an unknown value
RBP=0x0000000128b5fac0 is an unknown value
RSI=0x0000000000000000 is an unknown value
RDI=0x00007fd1c32bfe00 is an unknown value
R8 =0x0000000000000200 is an unknown value
R9 =0x00007fd1c4200dd0 is an unknown value
R10=